<?xml version="1.0" encoding="UTF-8"?>
<testsuite name="lsv.core.FormulaTest" tests="4" skipped="0" failures="0" errors="0" timestamp="2015-11-20T22:41:59" hostname="8afbe54c.st-andrews.ac.uk" time="2636.253">
  <properties/>
  <testcase name="parseConstraint1" classname="lsv.core.FormulaTest" time="0.229"/>
  <testcase name="parseCtl2" classname="lsv.core.FormulaTest" time="2636.011"/>
  <testcase name="parseCTLFromString" classname="lsv.core.FormulaTest" time="0.0"/>
  <testcase name="parseCtl" classname="lsv.core.FormulaTest" time="0.01"/>
  <system-out><![CDATA[]]></system-out>
  <system-err><![CDATA[]]></system-err>
</testsuite>
