<?xml version="1.0" encoding="UTF-8"?>
<testsuite name="lsv.core.FormulaTest" tests="4" skipped="0" failures="0" errors="0" timestamp="2015-11-17T17:40:34" hostname="8afbeadb.st-andrews.ac.uk" time="71.18">
  <properties/>
  <testcase name="parseConstraint1" classname="lsv.core.FormulaTest" time="0.114"/>
  <testcase name="parseCtl2" classname="lsv.core.FormulaTest" time="0.001"/>
  <testcase name="parseCTLFromString" classname="lsv.core.FormulaTest" time="0.0"/>
  <testcase name="parseCtl" classname="lsv.core.FormulaTest" time="71.065"/>
  <system-out><![CDATA[]]></system-out>
  <system-err><![CDATA[]]></system-err>
</testsuite>
