<?xml version="1.0" encoding="UTF-8"?>
<testsuite name="lsv.core.ModelTest" tests="1" skipped="0" failures="0" errors="0" timestamp="2015-11-02T15:42:58" hostname="cs-wifi-167.cs.st-andrews.ac.uk" time="0.003">
  <properties/>
  <testcase name="parseModel" classname="lsv.core.ModelTest" time="0.003"/>
  <system-out><![CDATA[]]></system-out>
  <system-err><![CDATA[]]></system-err>
</testsuite>
