<?xml version="1.0" encoding="UTF-8"?>
<testsuite name="lsv.core.FormulaTest" tests="4" skipped="0" failures="0" errors="0" timestamp="2015-11-02T15:42:58" hostname="cs-wifi-167.cs.st-andrews.ac.uk" time="0.227">
  <properties/>
  <testcase name="parseConstraint1" classname="lsv.core.FormulaTest" time="0.22"/>
  <testcase name="parseCtl2" classname="lsv.core.FormulaTest" time="0.002"/>
  <testcase name="parseCTLFromString" classname="lsv.core.FormulaTest" time="0.0"/>
  <testcase name="parseCtl" classname="lsv.core.FormulaTest" time="0.003"/>
  <system-out><![CDATA[]]></system-out>
  <system-err><![CDATA[]]></system-err>
</testsuite>
