<?xml version="1.0" encoding="UTF-8"?>
<testsuite name="lsv.core.ModelTest" tests="1" skipped="0" failures="0" errors="0" timestamp="2015-11-21T18:36:57" hostname="Michaels-MBP-2" time="0.001">
  <properties/>
  <testcase name="parseModel" classname="lsv.core.ModelTest" time="0.001"/>
  <system-out><![CDATA[]]></system-out>
  <system-err><![CDATA[]]></system-err>
</testsuite>
