<?xml version="1.0" encoding="UTF-8"?>
<testsuite name="lsv.core.ModelCheckerTest" tests="1" skipped="0" failures="0" errors="0" timestamp="2015-11-20T23:25:55" hostname="8afbe54c.st-andrews.ac.uk" time="0.068">
  <properties/>
  <testcase name="buildAndCheckModel" classname="lsv.core.ModelCheckerTest" time="0.068"/>
  <system-out><![CDATA[]]></system-out>
  <system-err><![CDATA[]]></system-err>
</testsuite>
