<?xml version="1.0" encoding="UTF-8"?>
<testsuite name="lsv.core.ModelTest" tests="1" skipped="0" failures="0" errors="0" timestamp="2015-11-20T23:25:55" hostname="8afbe54c.st-andrews.ac.uk" time="0.002">
  <properties/>
  <testcase name="parseModel" classname="lsv.core.ModelTest" time="0.002"/>
  <system-out><![CDATA[]]></system-out>
  <system-err><![CDATA[]]></system-err>
</testsuite>
