<?xml version="1.0" encoding="UTF-8"?>
<testsuite name="lsv.core.ModelCheckerTest" tests="1" skipped="0" failures="0" errors="0" timestamp="2015-11-17T17:41:45" hostname="8afbeadb.st-andrews.ac.uk" time="0.012">
  <properties/>
  <testcase name="buildAndCheckModel" classname="lsv.core.ModelCheckerTest" time="0.012"/>
  <system-out><![CDATA[]]></system-out>
  <system-err><![CDATA[]]></system-err>
</testsuite>
